#-----------------------------------------------------------
# updatemem v2017.4 (64-bit)
# SW Build 2086221 on Fri Dec 15 20:54:30 MST 2017
# 
# Start of session at: Mon Apr  6 15:35:42 2020
# Process ID: 11407
# Current directory: /ectf/tools
# Command line: updatemem -mode batch -source /opt/Xilinx/SDK/2017.4/scripts/updatemem/main.tcl -notrace -tclargs -meminfo ..//mb/test/system_wrapper.mmi -data ..//mb/drm_audio_fw/Debug/drm_audio_fw.elf -proc system_i/microblaze_0 -bit ..//mb/test/system_wrapper.bit -out device1//download.bit -force
# Log file: /ectf/tools/updatemem.log
# Journal file: /ectf/tools/updatemem.jou
#-----------------------------------------------------------
source /opt/Xilinx/SDK/2017.4/scripts/updatemem/main.tcl -notrace
 Loading bitfile ..//mb/test/system_wrapper.bit
Loading data files...
Updating memory content...
Creating bitstream...
Bitstream compression saved 8186496 bits.
Writing bitstream device1//download.bit...
  update_mem: Time (s): cpu = 00:00:07 ; elapsed = 00:00:10 . Memory (MB): peak = 915.422 ; gain = 405.164 ; free physical = 2194 ; free virtual = 4417
INFO: [Common 17-206] Exiting updatemem at Mon Apr  6 15:35:56 2020...
